  Building 'SecureGuardKernel' with toolset 'WindowsKernelModeDriver10.0' and the 'Universal' target platform.
  Stamping x64\Debug\SecureGuardKernel.inf
  Stamping [Version] section with DriverVer=11/08/2025,15.59.51.995
  main.c
  SecureGuardKernel.vcxproj -> C:\Users\hugo\source\repos\SecureGuardKernel\x64\Debug\SecureGuardKernel.sys
  Done Adding Additional Store
  Successfully signed: C:\Users\hugo\source\repos\SecureGuardKernel\x64\Debug\SecureGuardKernel.sys
  
  Driver is 'Universal'.
  .........................
  Signability test complete.
  
  Errors:
  None
  
  Warnings:
  None
  
  Catalog generation complete.
  C:\Users\hugo\source\repos\SecureGuardKernel\x64\Debug\SecureGuardKernel\secureguardkernel.cat
  Done Adding Additional Store
  Successfully signed: C:\Users\hugo\source\repos\SecureGuardKernel\x64\Debug\SecureGuardKernel\secureguardkernel.cat
  
  'pwsh.exe' is not recognized as an internal or external command,
  operable program or batch file.
